+ module purge
++ /usrx/local/Modules/3.2.10/bin/modulecmd bash purge
+ eval LD_LIBRARY_PATH=/usrx/local/netcdf-3.6.3/lib ';export' 'LD_LIBRARY_PATH;MANPATH=/usr/share/man' ';export' 'MANPATH;PATH=.:/usr/lib64/qt-3.3/bin:/usr/local/bin:/bin:/usr/bin:/usr/local/sbin:/usr/sbin:/sbin:/opt/ibutils/bin:/u/Xiaoxue.Wang/bin:/nwprod/ecflow:/usrx/local/bin' ';export' 'PATH;unset' 'CLASSPATH;unset' 'CPATH;unset' 'CPRO_PATH;unset' 'FPATH;unset' 'IDB_HOME;unset' 'INCLUDE;unset' 'INSTALL_DIR;unset' 'INTEL_LICENSE_FILE;unset' 'IPPROOT;unset' 'I_MPI_INC;unset' 'I_MPI_ROOT;unset' 'LANG;unset' 'LAUNCH;unset' 'LIBRARY_PATH;unset' 'LOADEDMODULES;unset' 'LSF_BINDIR;unset' 'LSF_ENVDIR;unset' 'LSF_LIBDIR;unset' 'LSF_SERVERDIR;unset' 'MKLROOT;unset' 'MKL_TARGET_ARCH;unset' 'MP_CLOCK_SOURCE;unset' 'MP_COMPILER;unset' 'MP_CONFIG;unset' 'MP_EUILIB;unset' 'MP_MPILIB;unset' 'NLSPATH;unset' 'OMP_NUM_THREADS;unset' 'PROD_DIR;unset' 'SITE;unset' 'TBBROOT;unset' 'VT_LIB_DIR;unset' 'VT_ROOT;unset' 'VT_SLIB_DIR;unset' 'XLSF_UIDDIR;unset' '_LMFILES_;'
++ LD_LIBRARY_PATH=/usrx/local/netcdf-3.6.3/lib
++ export LD_LIBRARY_PATH
++ MANPATH=/usr/share/man
++ export MANPATH
++ PATH=.:/usr/lib64/qt-3.3/bin:/usr/local/bin:/bin:/usr/bin:/usr/local/sbin:/usr/sbin:/sbin:/opt/ibutils/bin:/u/Xiaoxue.Wang/bin:/nwprod/ecflow:/usrx/local/bin
++ export PATH
++ unset CLASSPATH
++ unset CPATH
++ unset CPRO_PATH
++ unset FPATH
++ unset IDB_HOME
++ unset INCLUDE
++ unset INSTALL_DIR
++ unset INTEL_LICENSE_FILE
++ unset IPPROOT
++ unset I_MPI_INC
++ unset I_MPI_ROOT
++ unset LANG
++ unset LAUNCH
++ unset LIBRARY_PATH
++ unset LOADEDMODULES
++ unset LSF_BINDIR
++ unset LSF_ENVDIR
++ unset LSF_LIBDIR
++ unset LSF_SERVERDIR
++ unset MKLROOT
++ unset MKL_TARGET_ARCH
++ unset MP_CLOCK_SOURCE
++ unset MP_COMPILER
++ unset MP_CONFIG
++ unset MP_EUILIB
++ unset MP_MPILIB
++ unset NLSPATH
++ unset OMP_NUM_THREADS
++ unset PROD_DIR
++ unset SITE
++ unset TBBROOT
++ unset VT_LIB_DIR
++ unset VT_ROOT
++ unset VT_SLIB_DIR
++ unset XLSF_UIDDIR
++ unset _LMFILES_
+ module load ../modulefiles/v3.0.12
++ /usrx/local/Modules/3.2.10/bin/modulecmd bash load ../modulefiles/v3.0.12
+ eval BACIO_LIB4=/nwprod2/lib/bacio/v2.0.1/libbacio_v2.0.1_4.a ';export' 'BACIO_LIB4;BACIO_LIB8=/nwprod2/lib/bacio/v2.0.1/libbacio_v2.0.1_8.a' ';export' 'BACIO_LIB8;BACIO_SRC=/nwprod2/lib/bacio/v2.0.1/src' ';export' 'BACIO_SRC;BACIO_VER=v2.0.1' ';export' 'BACIO_VER;BUFR_LIB4=/nwprod2/lib/bufr/v10.2.5/libbufr_v10.2.5_4_64.a' ';export' 'BUFR_LIB4;BUFR_LIB8=/nwprod2/lib/bufr/v10.2.5/libbufr_v10.2.5_8_64.a' ';export' 'BUFR_LIB8;BUFR_LIBd=/nwprod2/lib/bufr/v10.2.5/libbufr_v10.2.5_d_64.a' ';export' 'BUFR_LIBd;BUFR_LIBs=/nwprod2/lib/bufr/v10.2.5/libbufr_v10.2.5_s_64.a' ';export' 'BUFR_LIBs;BUFR_SRC=/nwprod2/lib/bufr/v10.2.5/src' ';export' 'BUFR_SRC;BUFR_VER=v10.2.5' ';export' 'BUFR_VER;CLASSPATH=/usrx/local/intel/itac/8.0.3.007/itac/lib_impi4' ';export' 'CLASSPATH;COMP=intel' ';export' 'COMP;COMP_MP=mpfort' ';export' 'COMP_MP;COMP_MPI=mpiifort' ';export' 'COMP_MPI;CPATH=/usrx/local/intel/composerxe/mkl/include:/usrx/local/intel/composerxe/tbb/include' ';export' 'CPATH;CPRO_PATH=/usrx/local/intel/composer_xe_2011_sp1.11.339' ';export' 'CPRO_PATH;CRTM_INC=/nwprod/lib/crtm/v2.0.6/incmod/crtm_v2.0.6' ';export' 'CRTM_INC;CRTM_LIB=/nwprod/lib/crtm/v2.0.6/libcrtm_v2.0.6.a' ';export' 'CRTM_LIB;CRTM_SRC=/nwprod/lib/crtm/v2.0.6/sorc' ';export' 'CRTM_SRC;CRTM_VER=v2.0.6' ';export' 'CRTM_VER;C_COMP=icc' ';export' 'C_COMP;C_COMP_MP=mpcc' ';export' 'C_COMP_MP;ESMFMKFILE=/usrx/local/esmf-6.3.0rp1/lib/libO/Linux.intel.64.intelmpi.default/esmf.mk' ';export' 'ESMFMKFILE;FPATH=/usrx/local/intel/composerxe/mkl/include' ';export' 'FPATH;G2TMPL_INC=/nwprod2/lib/g2tmpl/v1.3.0/include/g2tmpl_v1.3.0' ';export' 'G2TMPL_INC;G2TMPL_LIB=/nwprod2/lib/g2tmpl/v1.3.0/libg2tmpl_v1.3.0.a' ';export' 'G2TMPL_LIB;G2TMPL_SRC=/nwprod2/lib/g2tmpl/v1.3.0/src' ';export' 'G2TMPL_SRC;G2TMPL_VER=v1.3.0' ';export' 'G2TMPL_VER;G2_INC4=/nwprod2/lib/g2/v2.5.0/include/g2_v2.5.0_4' ';export' 'G2_INC4;G2_INCd=/nwprod2/lib/g2/v2.5.0/include/g2_v2.5.0_d' ';export' 'G2_INCd;G2_LIB4=/nwprod2/lib/g2/v2.5.0/libg2_v2.5.0_4.a' ';export' 'G2_LIB4;G2_LIBd=/nwprod2/lib/g2/v2.5.0/libg2_v2.5.0_d.a' ';export' 'G2_LIBd;G2_SRC=/nwprod2/lib/g2/v2.5.0/src/g2_v2.5.0' ';export' 'G2_SRC;G2_VER=v2.5.0' ';export' 'G2_VER;GFSIO_INC4=/nwprod2/lib/gfsio/v1.1.0/include/gfsio_v1.1.0_4' ';export' 'GFSIO_INC4;GFSIO_LIB4=/nwprod2/lib/gfsio/v1.1.0/libgfsio_v1.1.0_4.a' ';export' 'GFSIO_LIB4;GFSIO_SRC=/nwprod2/lib/gfsio/v1.1.0/src/gfsio_v1.1.0' ';export' 'GFSIO_SRC;GFSIO_VER=v1.1.0' ';export' 'GFSIO_VER;IDB_HOME=/usrx/local/intel/icsxe/2012.0.032/idb/bin/intel64' ';export' 'IDB_HOME;INCLUDE=/usrx/local/intel/composerxe/mkl/include:/usrx/local/intel/composerxe/ipp/include' ';export' 'INCLUDE;INSTALL_DIR=/usrx/local/intel/composer_xe_2011_sp1.11.339' ';export' 'INSTALL_DIR;INTEL_LICENSE_FILE=/usrx/local/intel/licenses' ';export' 'INTEL_LICENSE_FILE;IPPROOT=/usrx/local/intel/composerxe/ipp' ';export' 'IPPROOT;IP_LIB4=/nwprod2/lib/ip/v2.0.0/libip_v2.0.0_4.a' ';export' 'IP_LIB4;IP_LIB8=/nwprod2/lib/ip/v2.0.0/libip_v2.0.0_8.a' ';export' 'IP_LIB8;IP_LIBd=/nwprod2/lib/ip/v2.0.0/libip_v2.0.0_d.a' ';export' 'IP_LIBd;IP_SRC=/nwprod2/lib/ip/v2.0.0/src' ';export' 'IP_SRC;IP_VER=v2.0.0' ';export' 'IP_VER;I_MPI_INC=/usrx/local/intel/impi/4.0.3.008/include64' ';export' 'I_MPI_INC;I_MPI_ROOT=/usrx/local/intel/impi/4.0.3.008' ';export' 'I_MPI_ROOT;JASPER_INC=/nwprod2/lib/jasper/v1.900.1/include' ';export' 'JASPER_INC;JASPER_LIB=/nwprod2/lib/jasper/v1.900.1/libjasper_v1.900.1.a' ';export' 'JASPER_LIB;JASPER_LIBDIR=/nwprod2/lib/jasper/v1.900.1' ';export' 'JASPER_LIBDIR;JASPER_LIBl=/nwprod2/lib/jasper/v1.900.1/libjasper_v1.900.1.la' ';export' 'JASPER_LIBl;JASPER_SRC=/nwprod2/lib/jasper/v1.900.1/src' ';export' 'JASPER_SRC;JASPER_VER=v1.900.1' ';export' 'JASPER_VER;LANDSFCUTIL_INC4=/nwprod2/lib/landsfcutil/v2.0.0/include/landsfcutil_v2.0.0_4' ';export' 'LANDSFCUTIL_INC4;LANDSFCUTIL_INCd=/nwprod2/lib/landsfcutil/v2.0.0/include/landsfcutil_v2.0.0_d' ';export' 'LANDSFCUTIL_INCd;LANDSFCUTIL_LIB4=/nwprod2/lib/landsfcutil/v2.0.0/liblandsfcutil_v2.0.0_4.a' ';export' 'LANDSFCUTIL_LIB4;LANDSFCUTIL_LIBd=/nwprod2/lib/landsfcutil/v2.0.0/liblandsfcutil_v2.0.0_d.a' ';export' 'LANDSFCUTIL_LIBd;LANDSFCUTIL_SRC=/nwprod2/lib/landsfcutil/v2.0.0/src' ';export' 'LANDSFCUTIL_SRC;LANDSFCUTIL_VER=v2.0.0' ';export' 'LANDSFCUTIL_VER;LANG=en_US' ';export' 'LANG;LD_LIBRARY_PATH=/usrx/local/esmf-6.3.0rp1/lib/libO/Linux.intel.64.intelmpi.default/:/usrx/local/NetCDF/3.6.3/lib:/usrx/local/intel/itac/8.0.3.007/itac/slib_impi4:/usrx/local/intel/composer_xe_2011_sp1.11.339/compiler/lib/intel64:/usrx/local/intel/composerxe/mkl/lib/intel64:/usrx/local/intel/impi/4.0.3.008/intel64/lib:/usrx/local/intel/composerxe/ipp/lib/intel64:/usrx/local/intel/composerxe/tbb/lib/intel64/cc4.1.0_libc2.4_kernel2.6.16.21:/usrx/local/intel/composer_xe_2011_sp1.11.339/debugger/lib/intel64:/usrx/local/intel/composer_xe_2011_sp1.11.339/mpirt/lib/intel64:/usrx/local/netcdf-3.6.3/lib' ';export' 'LD_LIBRARY_PATH;LIBRARY_PATH=/usrx/local/intel/composer_xe_2011_sp1.11.339/compiler/lib/intel64:/usrx/local/intel/composerxe/mkl/lib/intel64:/usrx/local/intel/composerxe/ipp/lib/intel64:/usrx/local/intel/composerxe/tbb/lib/intel64/cc4.1.0_libc2.4_kernel2.6.16.21' ';export' 'LIBRARY_PATH;LIB_NAME=CRTM' ';export' 'LIB_NAME;LOADEDMODULES=ics/12.1:ibmpe/1.3.0.12:NetCDF/3.6.3:w3nco/v2.0.6:w3emc/v2.0.5:bacio/v2.0.1:ip/v2.0.0:sp/v2.0.2:nemsio/v2.2.1:sigio/v2.0.1:sfcio/v1.0.0:gfsio/v1.1.0:jasper/v1.900.1:z/v1.2.6:png/v1.2.44:g2/v2.5.0:g2tmpl/v1.3.0:landsfcutil/v2.0.0:crtm/v2.0.6:xmlparse/v2.0.0:bufr/v10.2.5:transutil/v1.0.0:ESMF/630rp1:v3.0.12' ';export' 'LOADEDMODULES;MANPATH=/usrx/local/NetCDF/3.6.3/share/man:/opt/ibmhpc/pecurrent/ppe.man:/usrx/local/intel/itac/8.0.3.007/man:/usrx/local/intel/composer_xe_2011_sp1.11.339/man/en_US:/usrx/local/intel/impi/4.0.3.008/man:/usr/share/man:/usrx/local/intel/inspector_xe_2011/man:/usrx/local/intel/vtune_amplifier_xe_2011/man' ';export' 'MANPATH;MKLROOT=/usrx/local/intel/composerxe/mkl' ';export' 'MKLROOT;MKL_TARGET_ARCH=intel64' ';export' 'MKL_TARGET_ARCH;MP_CLOCK_SOURCE=OS' ';export' 'MP_CLOCK_SOURCE;MP_COMPILER=intel' ';export' 'MP_COMPILER;MP_CONFIG=13012' ';export' 'MP_CONFIG;MP_EUILIB=us' ';export' 'MP_EUILIB;MP_MPILIB=mpich2' ';export' 'MP_MPILIB;NEMSIO_INC=/nwprod2/lib/nemsio/v2.2.1/include/nemsio_v2.2.1' ';export' 'NEMSIO_INC;NEMSIO_LIB=/nwprod2/lib/nemsio/v2.2.1/libnemsio_v2.2.1.a' ';export' 'NEMSIO_LIB;NEMSIO_SRC=/nwprod2/lib/nemsio/v2.2.1/src' ';export' 'NEMSIO_SRC;NEMSIO_VER=v2.2.1' ';export' 'NEMSIO_VER;NETCDF=/usrx/local/NetCDF/3.6.3' ';export' 'NETCDF;NETCDF_CFLAGS=-I/usrx/local/NetCDF/3.6.3/include' ';export' 'NETCDF_CFLAGS;NETCDF_CXXFLAGS=-I/usrx/local/NetCDF/3.6.3/include' ';export' 'NETCDF_CXXFLAGS;NETCDF_FFLAGS=-I/usrx/local/NetCDF/3.6.3/include' ';export' 'NETCDF_FFLAGS;NETCDF_INCLUDE=-I/usrx/local/NetCDF/3.6.3/include' ';export' 'NETCDF_INCLUDE;NETCDF_LDFLAGS=-L/usrx/local/NetCDF/3.6.3/lib\' -lnetcdf ';export' 'NETCDF_LDFLAGS;NETCDF_LDFLAGS_C=-L/usrx/local/NetCDF/3.6.3/lib\' -lnetcdf ';export' 'NETCDF_LDFLAGS_C;NETCDF_LDFLAGS_CXX=-L/usrx/local/NetCDF/3.6.3/lib\' '-lnetcdf_c++\' -lnetcdf ';export' 'NETCDF_LDFLAGS_CXX;NETCDF_LDFLAGS_F=-L/usrx/local/NetCDF/3.6.3/lib\' -lnetcdf ';export' 'NETCDF_LDFLAGS_F;NLSPATH=/opt/ibmhpc/pecurrent/base/msg/%L/%N:/usr/share/locale/%L/%N:/usrx/local/intel/composerxe/mkl/lib/intel64/locale/%l_%t/%N:/usrx/local/intel/composer_xe_2011_sp1.11.339/compiler/lib/intel64/locale/%l_%t/%N:/usrx/local/intel/composerxe/ipp/lib/intel64/locale/%l_%t/%N:/usrx/local/intel/composer_xe_2011_sp1.11.339/debugger/lib/intel64/locale/%l_%t/%N' ';export' 'NLSPATH;PATH=/usrx/local/NetCDF/3.6.3/bin:/opt/ibmhpc/pecurrent/base/bin:/usrx/local/intel/icsxe/2012.0.032/bin:/usrx/local/intel/vtune_amplifier_xe_2011/bin64:/usrx/local/intel/inspector_xe_2011/bin64:/usrx/local/intel/itac/8.0.3.007/bin:/usrx/local/intel/impi/4.0.3.008/intel64/bin:/usrx/local/intel/composer_xe_2011_sp1.11.339/bin/intel64:.:/usr/lib64/qt-3.3/bin:/usr/local/bin:/bin:/usr/bin:/usr/local/sbin:/usr/sbin:/sbin:/opt/ibutils/bin:/u/Xiaoxue.Wang/bin:/nwprod/ecflow:/usrx/local/bin:/usrx/local/intel/composer_xe_2011_sp1.11.339/mpirt/bin/intel64' ';export' 'PATH;PNG_INC=/nwprod2/lib/png/v1.2.44/include' ';export' 'PNG_INC;PNG_LIB=/nwprod2/lib/png/v1.2.44/libpng.a' ';export' 'PNG_LIB;PNG_LIB12=/nwprod2/lib/png/v1.2.44/libpng12.a' ';export' 'PNG_LIB12;PNG_LIBDIR=/nwprod2/lib/png/v1.2.44' ';export' 'PNG_LIBDIR;PNG_LIBso=/nwprod2/lib/png/v1.2.44/libpng.s' ';export' 'PNG_LIBso;PNG_SRC=/nwprod2/lib/png/v1.2.44/src' ';export' 'PNG_SRC;PNG_VER=v1.2.44' ';export' 'PNG_VER;PROD_DIR=/usrx/local/intel/composer_xe_2011_sp1.11.339' ';export' 'PROD_DIR;SFCIO_INC4=/nwprod2/lib/sfcio/v1.0.0/include/sfcio_v1.0.0_4' ';export' 'SFCIO_INC4;SFCIO_LIB4=/nwprod2/lib/sfcio/v1.0.0/libsfcio_v1.0.0_4.a' ';export' 'SFCIO_LIB4;SFCIO_SRC=/nwprod2/lib/sfcio/v1.0.0/src' ';export' 'SFCIO_SRC;SFCIO_VER=v1.0.0' ';export' 'SFCIO_VER;SIGIO_INC4=/nwprod2/lib/sigio/v2.0.1/include/sigio_v2.0.1_4' ';export' 'SIGIO_INC4;SIGIO_LIB4=/nwprod2/lib/sigio/v2.0.1/libsigio_v2.0.1_4.a' ';export' 'SIGIO_LIB4;SIGIO_SRC=/nwprod2/lib/sigio/v2.0.1/src' ';export' 'SIGIO_SRC;SIGIO_VER=v2.0.1' ';export' 'SIGIO_VER;SP_LIB4=/nwprod2/lib/sp/v2.0.2/libsp_v2.0.2_4.a' ';export' 'SP_LIB4;SP_LIB8=/nwprod2/lib/sp/v2.0.2/libsp_v2.0.2_8.a' ';export' 'SP_LIB8;SP_LIBd=/nwprod2/lib/sp/v2.0.2/libsp_v2.0.2_d.a' ';export' 'SP_LIBd;SP_SRC=/nwprod2/lib/sp/v2.0.2/src' ';export' 'SP_SRC;SP_VER=v2.0.2' ';export' 'SP_VER;TBBROOT=/usrx/local/intel/composerxe/tbb' ';export' 'TBBROOT;TRANSUTIL_LIB4=/nwprod2/lib/transutil/v1.0.0/libtransutil_v1.0.0_4.a' ';export' 'TRANSUTIL_LIB4;TRANSUTIL_LIB8=/nwprod2/lib/transutil/v1.0.0/libtransutil_v1.0.0_8.a' ';export' 'TRANSUTIL_LIB8;TRANSUTIL_LIBd=/nwprod2/lib/transutil/v1.0.0/libtransutil_v1.0.0_d.a' ';export' 'TRANSUTIL_LIBd;TRANSUTIL_SRC=/nwprod2/lib/transutil/v1.0.0/src' ';export' 'TRANSUTIL_SRC;TRANSUTIL_VER=v1.0.0' ';export' 'TRANSUTIL_VER;VT_LIB_DIR=/usrx/local/intel/itac/8.0.3.007/itac/lib_impi4' ';export' 'VT_LIB_DIR;VT_ROOT=/usrx/local/intel/itac/8.0.3.007' ';export' 'VT_ROOT;VT_SLIB_DIR=/usrx/local/intel/itac/8.0.3.007/itac/slib_impi4' ';export' 'VT_SLIB_DIR;W3EMC_INC4=/nwprod/lib/w3emc/v2.0.5/incmod/w3emc_v2.0.5_4' ';export' 'W3EMC_INC4;W3EMC_INC8=/nwprod/lib/w3emc/v2.0.5/incmod/w3emc_v2.0.5_8' ';export' 'W3EMC_INC8;W3EMC_INCd=/nwprod/lib/w3emc/v2.0.5/incmod/w3emc_v2.0.5_d' ';export' 'W3EMC_INCd;W3EMC_LIB4=/nwprod/lib/w3emc/v2.0.5/libw3emc_v2.0.5_4.a' ';export' 'W3EMC_LIB4;W3EMC_LIB8=/nwprod/lib/w3emc/v2.0.5/libw3emc_v2.0.5_8.a' ';export' 'W3EMC_LIB8;W3EMC_LIBd=/nwprod/lib/w3emc/v2.0.5/libw3emc_v2.0.5_d.a' ';export' 'W3EMC_LIBd;W3EMC_SRC=/nwprod/lib/w3emc/v2.0.5/sorc/w3emc_v2.0.5' ';export' 'W3EMC_SRC;W3EMC_VER=v2.0.5' ';export' 'W3EMC_VER;W3NCO_LIB4=/nwprod2/lib/w3nco/v2.0.6/libw3nco_v2.0.6_4.a' ';export' 'W3NCO_LIB4;W3NCO_LIB8=/nwprod2/lib/w3nco/v2.0.6/libw3nco_v2.0.6_8.a' ';export' 'W3NCO_LIB8;W3NCO_LIBd=/nwprod2/lib/w3nco/v2.0.6/libw3nco_v2.0.6_d.a' ';export' 'W3NCO_LIBd;W3NCO_SRC=/nwprod2/lib/w3nco/v2.0.6/src/w3nco_v2.0.6' ';export' 'W3NCO_SRC;W3NCO_VER=v2.0.6' ';export' 'W3NCO_VER;WRFPATH=/nwprod/sorc/wrf_shared.v1.1.0' ';export' 'WRFPATH;XMLPARSE_INC=/nwprod2/lib/xmlparse/v2.0.0/include/xmlparse_v2.0.0' ';export' 'XMLPARSE_INC;XMLPARSE_LIB=/nwprod2/lib/xmlparse/v2.0.0/libxmlparse_v2.0.0.a' ';export' 'XMLPARSE_LIB;XMLPARSE_SRC=/nwprod2/lib/xmlparse/v2.0.0/src' ';export' 'XMLPARSE_SRC;XMLPARSE_VER=v2.0.0' ';export' 'XMLPARSE_VER;Z_INC=/nwprod2/lib/z/v1.2.6/include' ';export' 'Z_INC;Z_LIB=/nwprod2/lib/z/v1.2.6/libz_v1.2.6.a' ';export' 'Z_LIB;Z_SRC=/nwprod2/lib/z/v1.2.6/src' ';export' 'Z_SRC;Z_VER=v1.2.6' ';export' 'Z_VER;_LMFILES_=/usrx/local/modulefiles/ics/12.1:/usrx/local/modulefiles/ibmpe/1.3.0.12:/usrx/local/modulefiles/NetCDF/3.6.3:/nwprod2/lib/modulefiles/w3nco/v2.0.6:/nwprod/lib/modulefiles/w3emc/v2.0.5:/nwprod2/lib/modulefiles/bacio/v2.0.1:/nwprod2/lib/modulefiles/ip/v2.0.0:/nwprod2/lib/modulefiles/sp/v2.0.2:/nwprod2/lib/modulefiles/nemsio/v2.2.1:/nwprod2/lib/modulefiles/sigio/v2.0.1:/nwprod2/lib/modulefiles/sfcio/v1.0.0:/nwprod2/lib/modulefiles/gfsio/v1.1.0:/nwprod2/lib/modulefiles/jasper/v1.900.1:/nwprod2/lib/modulefiles/z/v1.2.6:/nwprod2/lib/modulefiles/png/v1.2.44:/nwprod2/lib/modulefiles/g2/v2.5.0:/nwprod2/lib/modulefiles/g2tmpl/v1.3.0:/nwprod2/lib/modulefiles/landsfcutil/v2.0.0:/nwprod/lib/modulefiles/crtm/v2.0.6:/nwprod2/lib/modulefiles/xmlparse/v2.0.0:/nwprod2/lib/modulefiles/bufr/v10.2.5:/nwprod2/lib/modulefiles/transutil/v1.0.0:/usrx/local/modulefiles/ESMF/630rp1:../modulefiles/v3.0.12' ';export' '_LMFILES_;'
++ BACIO_LIB4=/nwprod2/lib/bacio/v2.0.1/libbacio_v2.0.1_4.a
++ export BACIO_LIB4
++ BACIO_LIB8=/nwprod2/lib/bacio/v2.0.1/libbacio_v2.0.1_8.a
++ export BACIO_LIB8
++ BACIO_SRC=/nwprod2/lib/bacio/v2.0.1/src
++ export BACIO_SRC
++ BACIO_VER=v2.0.1
++ export BACIO_VER
++ BUFR_LIB4=/nwprod2/lib/bufr/v10.2.5/libbufr_v10.2.5_4_64.a
++ export BUFR_LIB4
++ BUFR_LIB8=/nwprod2/lib/bufr/v10.2.5/libbufr_v10.2.5_8_64.a
++ export BUFR_LIB8
++ BUFR_LIBd=/nwprod2/lib/bufr/v10.2.5/libbufr_v10.2.5_d_64.a
++ export BUFR_LIBd
++ BUFR_LIBs=/nwprod2/lib/bufr/v10.2.5/libbufr_v10.2.5_s_64.a
++ export BUFR_LIBs
++ BUFR_SRC=/nwprod2/lib/bufr/v10.2.5/src
++ export BUFR_SRC
++ BUFR_VER=v10.2.5
++ export BUFR_VER
++ CLASSPATH=/usrx/local/intel/itac/8.0.3.007/itac/lib_impi4
++ export CLASSPATH
++ COMP=intel
++ export COMP
++ COMP_MP=mpfort
++ export COMP_MP
++ COMP_MPI=mpiifort
++ export COMP_MPI
++ CPATH=/usrx/local/intel/composerxe/mkl/include:/usrx/local/intel/composerxe/tbb/include
++ export CPATH
++ CPRO_PATH=/usrx/local/intel/composer_xe_2011_sp1.11.339
++ export CPRO_PATH
++ CRTM_INC=/nwprod/lib/crtm/v2.0.6/incmod/crtm_v2.0.6
++ export CRTM_INC
++ CRTM_LIB=/nwprod/lib/crtm/v2.0.6/libcrtm_v2.0.6.a
++ export CRTM_LIB
++ CRTM_SRC=/nwprod/lib/crtm/v2.0.6/sorc
++ export CRTM_SRC
++ CRTM_VER=v2.0.6
++ export CRTM_VER
++ C_COMP=icc
++ export C_COMP
++ C_COMP_MP=mpcc
++ export C_COMP_MP
++ ESMFMKFILE=/usrx/local/esmf-6.3.0rp1/lib/libO/Linux.intel.64.intelmpi.default/esmf.mk
++ export ESMFMKFILE
++ FPATH=/usrx/local/intel/composerxe/mkl/include
++ export FPATH
++ G2TMPL_INC=/nwprod2/lib/g2tmpl/v1.3.0/include/g2tmpl_v1.3.0
++ export G2TMPL_INC
++ G2TMPL_LIB=/nwprod2/lib/g2tmpl/v1.3.0/libg2tmpl_v1.3.0.a
++ export G2TMPL_LIB
++ G2TMPL_SRC=/nwprod2/lib/g2tmpl/v1.3.0/src
++ export G2TMPL_SRC
++ G2TMPL_VER=v1.3.0
++ export G2TMPL_VER
++ G2_INC4=/nwprod2/lib/g2/v2.5.0/include/g2_v2.5.0_4
++ export G2_INC4
++ G2_INCd=/nwprod2/lib/g2/v2.5.0/include/g2_v2.5.0_d
++ export G2_INCd
++ G2_LIB4=/nwprod2/lib/g2/v2.5.0/libg2_v2.5.0_4.a
++ export G2_LIB4
++ G2_LIBd=/nwprod2/lib/g2/v2.5.0/libg2_v2.5.0_d.a
++ export G2_LIBd
++ G2_SRC=/nwprod2/lib/g2/v2.5.0/src/g2_v2.5.0
++ export G2_SRC
++ G2_VER=v2.5.0
++ export G2_VER
++ GFSIO_INC4=/nwprod2/lib/gfsio/v1.1.0/include/gfsio_v1.1.0_4
++ export GFSIO_INC4
++ GFSIO_LIB4=/nwprod2/lib/gfsio/v1.1.0/libgfsio_v1.1.0_4.a
++ export GFSIO_LIB4
++ GFSIO_SRC=/nwprod2/lib/gfsio/v1.1.0/src/gfsio_v1.1.0
++ export GFSIO_SRC
++ GFSIO_VER=v1.1.0
++ export GFSIO_VER
++ IDB_HOME=/usrx/local/intel/icsxe/2012.0.032/idb/bin/intel64
++ export IDB_HOME
++ INCLUDE=/usrx/local/intel/composerxe/mkl/include:/usrx/local/intel/composerxe/ipp/include
++ export INCLUDE
++ INSTALL_DIR=/usrx/local/intel/composer_xe_2011_sp1.11.339
++ export INSTALL_DIR
++ INTEL_LICENSE_FILE=/usrx/local/intel/licenses
++ export INTEL_LICENSE_FILE
++ IPPROOT=/usrx/local/intel/composerxe/ipp
++ export IPPROOT
++ IP_LIB4=/nwprod2/lib/ip/v2.0.0/libip_v2.0.0_4.a
++ export IP_LIB4
++ IP_LIB8=/nwprod2/lib/ip/v2.0.0/libip_v2.0.0_8.a
++ export IP_LIB8
++ IP_LIBd=/nwprod2/lib/ip/v2.0.0/libip_v2.0.0_d.a
++ export IP_LIBd
++ IP_SRC=/nwprod2/lib/ip/v2.0.0/src
++ export IP_SRC
++ IP_VER=v2.0.0
++ export IP_VER
++ I_MPI_INC=/usrx/local/intel/impi/4.0.3.008/include64
++ export I_MPI_INC
++ I_MPI_ROOT=/usrx/local/intel/impi/4.0.3.008
++ export I_MPI_ROOT
++ JASPER_INC=/nwprod2/lib/jasper/v1.900.1/include
++ export JASPER_INC
++ JASPER_LIB=/nwprod2/lib/jasper/v1.900.1/libjasper_v1.900.1.a
++ export JASPER_LIB
++ JASPER_LIBDIR=/nwprod2/lib/jasper/v1.900.1
++ export JASPER_LIBDIR
++ JASPER_LIBl=/nwprod2/lib/jasper/v1.900.1/libjasper_v1.900.1.la
++ export JASPER_LIBl
++ JASPER_SRC=/nwprod2/lib/jasper/v1.900.1/src
++ export JASPER_SRC
++ JASPER_VER=v1.900.1
++ export JASPER_VER
++ LANDSFCUTIL_INC4=/nwprod2/lib/landsfcutil/v2.0.0/include/landsfcutil_v2.0.0_4
++ export LANDSFCUTIL_INC4
++ LANDSFCUTIL_INCd=/nwprod2/lib/landsfcutil/v2.0.0/include/landsfcutil_v2.0.0_d
++ export LANDSFCUTIL_INCd
++ LANDSFCUTIL_LIB4=/nwprod2/lib/landsfcutil/v2.0.0/liblandsfcutil_v2.0.0_4.a
++ export LANDSFCUTIL_LIB4
++ LANDSFCUTIL_LIBd=/nwprod2/lib/landsfcutil/v2.0.0/liblandsfcutil_v2.0.0_d.a
++ export LANDSFCUTIL_LIBd
++ LANDSFCUTIL_SRC=/nwprod2/lib/landsfcutil/v2.0.0/src
++ export LANDSFCUTIL_SRC
++ LANDSFCUTIL_VER=v2.0.0
++ export LANDSFCUTIL_VER
++ LANG=en_US
++ export LANG
++ LD_LIBRARY_PATH=/usrx/local/esmf-6.3.0rp1/lib/libO/Linux.intel.64.intelmpi.default/:/usrx/local/NetCDF/3.6.3/lib:/usrx/local/intel/itac/8.0.3.007/itac/slib_impi4:/usrx/local/intel/composer_xe_2011_sp1.11.339/compiler/lib/intel64:/usrx/local/intel/composerxe/mkl/lib/intel64:/usrx/local/intel/impi/4.0.3.008/intel64/lib:/usrx/local/intel/composerxe/ipp/lib/intel64:/usrx/local/intel/composerxe/tbb/lib/intel64/cc4.1.0_libc2.4_kernel2.6.16.21:/usrx/local/intel/composer_xe_2011_sp1.11.339/debugger/lib/intel64:/usrx/local/intel/composer_xe_2011_sp1.11.339/mpirt/lib/intel64:/usrx/local/netcdf-3.6.3/lib
++ export LD_LIBRARY_PATH
++ LIBRARY_PATH=/usrx/local/intel/composer_xe_2011_sp1.11.339/compiler/lib/intel64:/usrx/local/intel/composerxe/mkl/lib/intel64:/usrx/local/intel/composerxe/ipp/lib/intel64:/usrx/local/intel/composerxe/tbb/lib/intel64/cc4.1.0_libc2.4_kernel2.6.16.21
++ export LIBRARY_PATH
++ LIB_NAME=CRTM
++ export LIB_NAME
++ LOADEDMODULES=ics/12.1:ibmpe/1.3.0.12:NetCDF/3.6.3:w3nco/v2.0.6:w3emc/v2.0.5:bacio/v2.0.1:ip/v2.0.0:sp/v2.0.2:nemsio/v2.2.1:sigio/v2.0.1:sfcio/v1.0.0:gfsio/v1.1.0:jasper/v1.900.1:z/v1.2.6:png/v1.2.44:g2/v2.5.0:g2tmpl/v1.3.0:landsfcutil/v2.0.0:crtm/v2.0.6:xmlparse/v2.0.0:bufr/v10.2.5:transutil/v1.0.0:ESMF/630rp1:v3.0.12
++ export LOADEDMODULES
++ MANPATH=/usrx/local/NetCDF/3.6.3/share/man:/opt/ibmhpc/pecurrent/ppe.man:/usrx/local/intel/itac/8.0.3.007/man:/usrx/local/intel/composer_xe_2011_sp1.11.339/man/en_US:/usrx/local/intel/impi/4.0.3.008/man:/usr/share/man:/usrx/local/intel/inspector_xe_2011/man:/usrx/local/intel/vtune_amplifier_xe_2011/man
++ export MANPATH
++ MKLROOT=/usrx/local/intel/composerxe/mkl
++ export MKLROOT
++ MKL_TARGET_ARCH=intel64
++ export MKL_TARGET_ARCH
++ MP_CLOCK_SOURCE=OS
++ export MP_CLOCK_SOURCE
++ MP_COMPILER=intel
++ export MP_COMPILER
++ MP_CONFIG=13012
++ export MP_CONFIG
++ MP_EUILIB=us
++ export MP_EUILIB
++ MP_MPILIB=mpich2
++ export MP_MPILIB
++ NEMSIO_INC=/nwprod2/lib/nemsio/v2.2.1/include/nemsio_v2.2.1
++ export NEMSIO_INC
++ NEMSIO_LIB=/nwprod2/lib/nemsio/v2.2.1/libnemsio_v2.2.1.a
++ export NEMSIO_LIB
++ NEMSIO_SRC=/nwprod2/lib/nemsio/v2.2.1/src
++ export NEMSIO_SRC
++ NEMSIO_VER=v2.2.1
++ export NEMSIO_VER
++ NETCDF=/usrx/local/NetCDF/3.6.3
++ export NETCDF
++ NETCDF_CFLAGS=-I/usrx/local/NetCDF/3.6.3/include
++ export NETCDF_CFLAGS
++ NETCDF_CXXFLAGS=-I/usrx/local/NetCDF/3.6.3/include
++ export NETCDF_CXXFLAGS
++ NETCDF_FFLAGS=-I/usrx/local/NetCDF/3.6.3/include
++ export NETCDF_FFLAGS
++ NETCDF_INCLUDE=-I/usrx/local/NetCDF/3.6.3/include
++ export NETCDF_INCLUDE
++ NETCDF_LDFLAGS='-L/usrx/local/NetCDF/3.6.3/lib -lnetcdf'
++ export NETCDF_LDFLAGS
++ NETCDF_LDFLAGS_C='-L/usrx/local/NetCDF/3.6.3/lib -lnetcdf'
++ export NETCDF_LDFLAGS_C
++ NETCDF_LDFLAGS_CXX='-L/usrx/local/NetCDF/3.6.3/lib -lnetcdf_c++ -lnetcdf'
++ export NETCDF_LDFLAGS_CXX
++ NETCDF_LDFLAGS_F='-L/usrx/local/NetCDF/3.6.3/lib -lnetcdf'
++ export NETCDF_LDFLAGS_F
++ NLSPATH=/opt/ibmhpc/pecurrent/base/msg/%L/%N:/usr/share/locale/%L/%N:/usrx/local/intel/composerxe/mkl/lib/intel64/locale/%l_%t/%N:/usrx/local/intel/composer_xe_2011_sp1.11.339/compiler/lib/intel64/locale/%l_%t/%N:/usrx/local/intel/composerxe/ipp/lib/intel64/locale/%l_%t/%N:/usrx/local/intel/composer_xe_2011_sp1.11.339/debugger/lib/intel64/locale/%l_%t/%N
++ export NLSPATH
++ PATH=/usrx/local/NetCDF/3.6.3/bin:/opt/ibmhpc/pecurrent/base/bin:/usrx/local/intel/icsxe/2012.0.032/bin:/usrx/local/intel/vtune_amplifier_xe_2011/bin64:/usrx/local/intel/inspector_xe_2011/bin64:/usrx/local/intel/itac/8.0.3.007/bin:/usrx/local/intel/impi/4.0.3.008/intel64/bin:/usrx/local/intel/composer_xe_2011_sp1.11.339/bin/intel64:.:/usr/lib64/qt-3.3/bin:/usr/local/bin:/bin:/usr/bin:/usr/local/sbin:/usr/sbin:/sbin:/opt/ibutils/bin:/u/Xiaoxue.Wang/bin:/nwprod/ecflow:/usrx/local/bin:/usrx/local/intel/composer_xe_2011_sp1.11.339/mpirt/bin/intel64
++ export PATH
++ PNG_INC=/nwprod2/lib/png/v1.2.44/include
++ export PNG_INC
++ PNG_LIB=/nwprod2/lib/png/v1.2.44/libpng.a
++ export PNG_LIB
++ PNG_LIB12=/nwprod2/lib/png/v1.2.44/libpng12.a
++ export PNG_LIB12
++ PNG_LIBDIR=/nwprod2/lib/png/v1.2.44
++ export PNG_LIBDIR
++ PNG_LIBso=/nwprod2/lib/png/v1.2.44/libpng.s
++ export PNG_LIBso
++ PNG_SRC=/nwprod2/lib/png/v1.2.44/src
++ export PNG_SRC
++ PNG_VER=v1.2.44
++ export PNG_VER
++ PROD_DIR=/usrx/local/intel/composer_xe_2011_sp1.11.339
++ export PROD_DIR
++ SFCIO_INC4=/nwprod2/lib/sfcio/v1.0.0/include/sfcio_v1.0.0_4
++ export SFCIO_INC4
++ SFCIO_LIB4=/nwprod2/lib/sfcio/v1.0.0/libsfcio_v1.0.0_4.a
++ export SFCIO_LIB4
++ SFCIO_SRC=/nwprod2/lib/sfcio/v1.0.0/src
++ export SFCIO_SRC
++ SFCIO_VER=v1.0.0
++ export SFCIO_VER
++ SIGIO_INC4=/nwprod2/lib/sigio/v2.0.1/include/sigio_v2.0.1_4
++ export SIGIO_INC4
++ SIGIO_LIB4=/nwprod2/lib/sigio/v2.0.1/libsigio_v2.0.1_4.a
++ export SIGIO_LIB4
++ SIGIO_SRC=/nwprod2/lib/sigio/v2.0.1/src
++ export SIGIO_SRC
++ SIGIO_VER=v2.0.1
++ export SIGIO_VER
++ SP_LIB4=/nwprod2/lib/sp/v2.0.2/libsp_v2.0.2_4.a
++ export SP_LIB4
++ SP_LIB8=/nwprod2/lib/sp/v2.0.2/libsp_v2.0.2_8.a
++ export SP_LIB8
++ SP_LIBd=/nwprod2/lib/sp/v2.0.2/libsp_v2.0.2_d.a
++ export SP_LIBd
++ SP_SRC=/nwprod2/lib/sp/v2.0.2/src
++ export SP_SRC
++ SP_VER=v2.0.2
++ export SP_VER
++ TBBROOT=/usrx/local/intel/composerxe/tbb
++ export TBBROOT
++ TRANSUTIL_LIB4=/nwprod2/lib/transutil/v1.0.0/libtransutil_v1.0.0_4.a
++ export TRANSUTIL_LIB4
++ TRANSUTIL_LIB8=/nwprod2/lib/transutil/v1.0.0/libtransutil_v1.0.0_8.a
++ export TRANSUTIL_LIB8
++ TRANSUTIL_LIBd=/nwprod2/lib/transutil/v1.0.0/libtransutil_v1.0.0_d.a
++ export TRANSUTIL_LIBd
++ TRANSUTIL_SRC=/nwprod2/lib/transutil/v1.0.0/src
++ export TRANSUTIL_SRC
++ TRANSUTIL_VER=v1.0.0
++ export TRANSUTIL_VER
++ VT_LIB_DIR=/usrx/local/intel/itac/8.0.3.007/itac/lib_impi4
++ export VT_LIB_DIR
++ VT_ROOT=/usrx/local/intel/itac/8.0.3.007
++ export VT_ROOT
++ VT_SLIB_DIR=/usrx/local/intel/itac/8.0.3.007/itac/slib_impi4
++ export VT_SLIB_DIR
++ W3EMC_INC4=/nwprod/lib/w3emc/v2.0.5/incmod/w3emc_v2.0.5_4
++ export W3EMC_INC4
++ W3EMC_INC8=/nwprod/lib/w3emc/v2.0.5/incmod/w3emc_v2.0.5_8
++ export W3EMC_INC8
++ W3EMC_INCd=/nwprod/lib/w3emc/v2.0.5/incmod/w3emc_v2.0.5_d
++ export W3EMC_INCd
++ W3EMC_LIB4=/nwprod/lib/w3emc/v2.0.5/libw3emc_v2.0.5_4.a
++ export W3EMC_LIB4
++ W3EMC_LIB8=/nwprod/lib/w3emc/v2.0.5/libw3emc_v2.0.5_8.a
++ export W3EMC_LIB8
++ W3EMC_LIBd=/nwprod/lib/w3emc/v2.0.5/libw3emc_v2.0.5_d.a
++ export W3EMC_LIBd
++ W3EMC_SRC=/nwprod/lib/w3emc/v2.0.5/sorc/w3emc_v2.0.5
++ export W3EMC_SRC
++ W3EMC_VER=v2.0.5
++ export W3EMC_VER
++ W3NCO_LIB4=/nwprod2/lib/w3nco/v2.0.6/libw3nco_v2.0.6_4.a
++ export W3NCO_LIB4
++ W3NCO_LIB8=/nwprod2/lib/w3nco/v2.0.6/libw3nco_v2.0.6_8.a
++ export W3NCO_LIB8
++ W3NCO_LIBd=/nwprod2/lib/w3nco/v2.0.6/libw3nco_v2.0.6_d.a
++ export W3NCO_LIBd
++ W3NCO_SRC=/nwprod2/lib/w3nco/v2.0.6/src/w3nco_v2.0.6
++ export W3NCO_SRC
++ W3NCO_VER=v2.0.6
++ export W3NCO_VER
++ WRFPATH=/nwprod/sorc/wrf_shared.v1.1.0
++ export WRFPATH
++ XMLPARSE_INC=/nwprod2/lib/xmlparse/v2.0.0/include/xmlparse_v2.0.0
++ export XMLPARSE_INC
++ XMLPARSE_LIB=/nwprod2/lib/xmlparse/v2.0.0/libxmlparse_v2.0.0.a
++ export XMLPARSE_LIB
++ XMLPARSE_SRC=/nwprod2/lib/xmlparse/v2.0.0/src
++ export XMLPARSE_SRC
++ XMLPARSE_VER=v2.0.0
++ export XMLPARSE_VER
++ Z_INC=/nwprod2/lib/z/v1.2.6/include
++ export Z_INC
++ Z_LIB=/nwprod2/lib/z/v1.2.6/libz_v1.2.6.a
++ export Z_LIB
++ Z_SRC=/nwprod2/lib/z/v1.2.6/src
++ export Z_SRC
++ Z_VER=v1.2.6
++ export Z_VER
++ _LMFILES_=/usrx/local/modulefiles/ics/12.1:/usrx/local/modulefiles/ibmpe/1.3.0.12:/usrx/local/modulefiles/NetCDF/3.6.3:/nwprod2/lib/modulefiles/w3nco/v2.0.6:/nwprod/lib/modulefiles/w3emc/v2.0.5:/nwprod2/lib/modulefiles/bacio/v2.0.1:/nwprod2/lib/modulefiles/ip/v2.0.0:/nwprod2/lib/modulefiles/sp/v2.0.2:/nwprod2/lib/modulefiles/nemsio/v2.2.1:/nwprod2/lib/modulefiles/sigio/v2.0.1:/nwprod2/lib/modulefiles/sfcio/v1.0.0:/nwprod2/lib/modulefiles/gfsio/v1.1.0:/nwprod2/lib/modulefiles/jasper/v1.900.1:/nwprod2/lib/modulefiles/z/v1.2.6:/nwprod2/lib/modulefiles/png/v1.2.44:/nwprod2/lib/modulefiles/g2/v2.5.0:/nwprod2/lib/modulefiles/g2tmpl/v1.3.0:/nwprod2/lib/modulefiles/landsfcutil/v2.0.0:/nwprod/lib/modulefiles/crtm/v2.0.6:/nwprod2/lib/modulefiles/xmlparse/v2.0.0:/nwprod2/lib/modulefiles/bufr/v10.2.5:/nwprod2/lib/modulefiles/transutil/v1.0.0:/usrx/local/modulefiles/ESMF/630rp1:../modulefiles/v3.0.12
++ export _LMFILES_
+ module list
++ /usrx/local/Modules/3.2.10/bin/modulecmd bash list
Currently Loaded Modulefiles:
  1) ics/12.1                13) jasper/v1.900.1
  2) ibmpe/1.3.0.12          14) z/v1.2.6
  3) NetCDF/3.6.3            15) png/v1.2.44
  4) w3nco/v2.0.6            16) g2/v2.5.0
  5) w3emc/v2.0.5            17) g2tmpl/v1.3.0
  6) bacio/v2.0.1            18) landsfcutil/v2.0.0
  7) ip/v2.0.0               19) crtm/v2.0.6
  8) sp/v2.0.2               20) xmlparse/v2.0.0
  9) nemsio/v2.2.1           21) bufr/v10.2.5
 10) sigio/v2.0.1            22) transutil/v1.0.0
 11) sfcio/v1.0.0            23) ESMF/630rp1
 12) gfsio/v1.1.0            24) ../modulefiles/v3.0.12
+ eval
++ pwd
+ SORCverf_g2g=/nwpara/verf_g2g.v3.0.12.1.href/sorc
++ pwd
+ EXEC=/nwpara/verf_g2g.v3.0.12.1.href/sorc/../exec
+ cd /nwpara/verf_g2g.v3.0.12.1.href/sorc/verf_g2g_grid2grid_grib2.fd
+ pwd
/nwpara/verf_g2g.v3.0.12.1.href/sorc/verf_g2g_grid2grid_grib2.fd
+ make all
rm -f gtgdef.o readcntl.o setarea.o setfcst.o setlevel.o setmodel.o setobtyp.o stclst.o stldsp.o stlstr.o stnumb.o stread.o strmbl.o strxbl.o getregion.o getnumber.o getGRIB2data.o read_area.o sl1l2.o vl1l2.o fho.o getfho.o get_hasdata.o getHGTsfc.o getTndGRIBdata.o getMeanClimData.o sal1l2.o getAnomlyLevMrk.o val1l2.o afho.o FITWAV_2D.o FITWAV_1D.o esl1l2.o evl1l2.o rhnt.o rhet.o sl1l2_S1.o efho.o EFS.o getHiresClimData.o DIST.o PROB.o naefs.o fho_fss.o FSS.o readGRIB2.o getClimData_2.5deg.o getNAEFSanalysis.o fhop.o readProbGRIB2.o DIST_special.o verf_g2g_grid2grid_grib2
ifort -convert big_endian -O3 -openmp -auto -I /nwprod/lib/incmod/g2_4  -c -o gtgdef.o gtgdef.f
ifort -convert big_endian -O3 -openmp -auto -I /nwprod/lib/incmod/g2_4  -c -o readcntl.o readcntl.f
ifort -convert big_endian -O3 -openmp -auto -I /nwprod/lib/incmod/g2_4  -c -o setarea.o setarea.f
ifort -convert big_endian -O3 -openmp -auto -I /nwprod/lib/incmod/g2_4  -c -o setfcst.o setfcst.f
ifort -convert big_endian -O3 -openmp -auto -I /nwprod/lib/incmod/g2_4  -c -o setlevel.o setlevel.f
ifort -convert big_endian -O3 -openmp -auto -I /nwprod/lib/incmod/g2_4  -c -o setmodel.o setmodel.f
ifort -convert big_endian -O3 -openmp -auto -I /nwprod/lib/incmod/g2_4  -c -o setobtyp.o setobtyp.f
ifort -convert big_endian -O3 -openmp -auto -I /nwprod/lib/incmod/g2_4  -c -o stclst.o stclst.f
ifort -convert big_endian -O3 -openmp -auto -I /nwprod/lib/incmod/g2_4  -c -o stldsp.o stldsp.f
ifort -convert big_endian -O3 -openmp -auto -I /nwprod/lib/incmod/g2_4  -c -o stlstr.o stlstr.f
ifort -convert big_endian -O3 -openmp -auto -I /nwprod/lib/incmod/g2_4  -c -o stnumb.o stnumb.f
ifort -convert big_endian -O3 -openmp -auto -I /nwprod/lib/incmod/g2_4  -c -o stread.o stread.f
ifort -convert big_endian -O3 -openmp -auto -I /nwprod/lib/incmod/g2_4  -c -o strmbl.o strmbl.f
ifort -convert big_endian -O3 -openmp -auto -I /nwprod/lib/incmod/g2_4  -c -o strxbl.o strxbl.f
ifort -convert big_endian -O3 -openmp -auto -I /nwprod/lib/incmod/g2_4  -c -o getregion.o getregion.f
ifort -convert big_endian -O3 -openmp -auto -I /nwprod/lib/incmod/g2_4  -c -o getnumber.o getnumber.f
ifort -convert big_endian -O3 -openmp -auto -I /nwprod/lib/incmod/g2_4  -c -o getGRIB2data.o getGRIB2data.f
ifort -convert big_endian -O3 -openmp -auto -I /nwprod/lib/incmod/g2_4  -c -o read_area.o read_area.f
ifort -convert big_endian -O3 -openmp -auto -I /nwprod/lib/incmod/g2_4  -c -o sl1l2.o sl1l2.f
ifort -convert big_endian -O3 -openmp -auto -I /nwprod/lib/incmod/g2_4  -c -o vl1l2.o vl1l2.f
ifort -convert big_endian -O3 -openmp -auto -I /nwprod/lib/incmod/g2_4  -c -o fho.o fho.f
ifort -convert big_endian -O3 -openmp -auto -I /nwprod/lib/incmod/g2_4  -c -o getfho.o getfho.f
ifort -convert big_endian -O3 -openmp -auto -I /nwprod/lib/incmod/g2_4  -c -o get_hasdata.o get_hasdata.f
ifort -convert big_endian -O3 -openmp -auto -I /nwprod/lib/incmod/g2_4  -c -o getHGTsfc.o getHGTsfc.f
ifort -convert big_endian -O3 -openmp -auto -I /nwprod/lib/incmod/g2_4  -c -o getTndGRIBdata.o getTndGRIBdata.f
ifort -convert big_endian -O3 -openmp -auto -I /nwprod/lib/incmod/g2_4  -c -o getMeanClimData.o getMeanClimData.f
ifort -convert big_endian -O3 -openmp -auto -I /nwprod/lib/incmod/g2_4  -c -o sal1l2.o sal1l2.f
ifort -convert big_endian -O3 -openmp -auto -I /nwprod/lib/incmod/g2_4  -c -o getAnomlyLevMrk.o getAnomlyLevMrk.f
ifort -convert big_endian -O3 -openmp -auto -I /nwprod/lib/incmod/g2_4  -c -o val1l2.o val1l2.f
ifort -convert big_endian -O3 -openmp -auto -I /nwprod/lib/incmod/g2_4  -c -o afho.o afho.f
ifort -convert big_endian -O3 -openmp -auto -I /nwprod/lib/incmod/g2_4  -c -o FITWAV_2D.o FITWAV_2D.f
ifort -convert big_endian -O3 -openmp -auto -I /nwprod/lib/incmod/g2_4  -c -o FITWAV_1D.o FITWAV_1D.f
ifort -convert big_endian -O3 -openmp -auto -I /nwprod/lib/incmod/g2_4  -c -o esl1l2.o esl1l2.f
ifort -convert big_endian -O3 -openmp -auto -I /nwprod/lib/incmod/g2_4  -c -o evl1l2.o evl1l2.f
ifort -convert big_endian -O3 -openmp -auto -I /nwprod/lib/incmod/g2_4  -c -o rhnt.o rhnt.f
ifort -convert big_endian -O3 -openmp -auto -I /nwprod/lib/incmod/g2_4  -c -o rhet.o rhet.f
ifort -convert big_endian -O3 -openmp -auto -I /nwprod/lib/incmod/g2_4  -c -o sl1l2_S1.o sl1l2_S1.f
ifort -convert big_endian -O3 -openmp -auto -I /nwprod/lib/incmod/g2_4  -c -o efho.o efho.f
ifort -convert big_endian -O3 -openmp -auto -I /nwprod/lib/incmod/g2_4  -c -o EFS.o EFS.f
ifort -convert big_endian -O3 -openmp -auto -I /nwprod/lib/incmod/g2_4  -c -o getHiresClimData.o getHiresClimData.f
ifort -convert big_endian -O3 -openmp -auto -I /nwprod/lib/incmod/g2_4  -c -o DIST.o DIST.f
ifort -convert big_endian -O3 -openmp -auto -I /nwprod/lib/incmod/g2_4  -c -o PROB.o PROB.f
ifort -convert big_endian -O3 -openmp -auto -I /nwprod/lib/incmod/g2_4  -c -o naefs.o naefs.f
ifort -convert big_endian -O3 -openmp -auto -I /nwprod/lib/incmod/g2_4  -c -o fho_fss.o fho_fss.f
ifort -convert big_endian -O3 -openmp -auto -I /nwprod/lib/incmod/g2_4  -c -o FSS.o FSS.f
ifort -convert big_endian -O3 -openmp -auto -I /nwprod/lib/incmod/g2_4  -c -o readGRIB2.o readGRIB2.f
ifort -convert big_endian -O3 -openmp -auto -I /nwprod/lib/incmod/g2_4  -c -o getClimData_2.5deg.o getClimData_2.5deg.f
ifort -convert big_endian -O3 -openmp -auto -I /nwprod/lib/incmod/g2_4  -c -o getNAEFSanalysis.o getNAEFSanalysis.f
ifort -convert big_endian -O3 -openmp -auto -I /nwprod/lib/incmod/g2_4  -c -o fhop.o fhop.f
ifort -convert big_endian -O3 -openmp -auto -I /nwprod/lib/incmod/g2_4  -c -o readProbGRIB2.o readProbGRIB2.f
ifort -convert big_endian -O3 -openmp -auto -I /nwprod/lib/incmod/g2_4  -c -o DIST_special.o DIST_special.f
ifort -convert big_endian -O3 -openmp -auto -I /nwprod/lib/incmod/g2_4 -o verf_g2g_grid2grid_grib2 grid2grid.f  gtgdef.o readcntl.o setarea.o setfcst.o setlevel.o setmodel.o setobtyp.o stclst.o stldsp.o stlstr.o stnumb.o stread.o strmbl.o strxbl.o getregion.o getnumber.o getGRIB2data.o read_area.o sl1l2.o vl1l2.o fho.o getfho.o get_hasdata.o getHGTsfc.o getTndGRIBdata.o getMeanClimData.o sal1l2.o getAnomlyLevMrk.o val1l2.o afho.o FITWAV_2D.o FITWAV_1D.o esl1l2.o evl1l2.o rhnt.o rhet.o sl1l2_S1.o efho.o EFS.o getHiresClimData.o DIST.o PROB.o naefs.o fho_fss.o FSS.o readGRIB2.o getClimData_2.5deg.o getNAEFSanalysis.o fhop.o readProbGRIB2.o DIST_special.o  -L/nwprod/lib -lip_4 -lw3nco_4 -lw3emc_4  -lbacio_4 -lsp_4 -lg2_4 -ljasper -lpng -lz
/nwprod/lib/libjasper.a(jas_stream.o): In function `jas_stream_tmpfile':
/nwprod/lib/sorc/jasper-1.900.1/src/libjasper/base/jas_stream.c:368: warning: the use of `tmpnam' is dangerous, better use `mkstemp'
mv verf_g2g_grid2grid_grib2 ../../exec/
+ compile ceiling_adjust code
./compile_verf_g2g_sorc.sh: line 17: compile: command not found
+ cd /nwpara/verf_g2g.v3.0.12.1.href/sorc/verf_g2g_ceiling_adjust.fd
+ pwd
/nwpara/verf_g2g.v3.0.12.1.href/sorc/verf_g2g_ceiling_adjust.fd
+ make all
rm -f *.o verf_g2g_ceiling_adjust
ifort -o verf_g2g_ceiling_adjust -O3 -g -convert big_endian -I /nwprod/lib/incmod/g2_4 ceiling_adjust.f -L/nwprod/lib -lip_4 -lw3nco_4 -lw3emc_4  -lbacio_4 -lsp_4 -lg2_4 -ljasper -lpng -lz
/nwprod/lib/libjasper.a(jas_stream.o): In function `jas_stream_tmpfile':
/nwprod/lib/sorc/jasper-1.900.1/src/libjasper/base/jas_stream.c:368: warning: the use of `tmpnam' is dangerous, better use `mkstemp'
mv verf_g2g_ceiling_adjust ../../exec/
+ compile convert code
./compile_verf_g2g_sorc.sh: line 22: compile: command not found
+ cd /nwpara/verf_g2g.v3.0.12.1.href/sorc/verf_g2g_convert.fd
+ pwd
/nwpara/verf_g2g.v3.0.12.1.href/sorc/verf_g2g_convert.fd
+ make all
rm -f *.o verf_g2g_convert
ifort -o verf_g2g_convert -O3 -g -convert big_endian -I /nwprod/lib/incmod/g2_4 convert.f -L/nwprod/lib -lip_4 -lw3nco_4 -lw3emc_4  -lbacio_4 -lsp_4 -lg2_4 -ljasper -lpng -lz
/nwprod/lib/libjasper.a(jas_stream.o): In function `jas_stream_tmpfile':
/nwprod/lib/sorc/jasper-1.900.1/src/libjasper/base/jas_stream.c:368: warning: the use of `tmpnam' is dangerous, better use `mkstemp'
mv verf_g2g_convert ../../exec/
+ cd /nwpara/verf_g2g.v3.0.12.1.href/sorc/verf_g2g_adjust.cmaq.aod.fd
+ pwd
/nwpara/verf_g2g.v3.0.12.1.href/sorc/verf_g2g_adjust.cmaq.aod.fd
+ make clean
rm -f *.o
rm -f verf_g2g_adjust.cmaq.aod 
+ make
rm -f *.o
rm -f verf_g2g_adjust.cmaq.aod 
ifort -o verf_g2g_adjust.cmaq.aod  -O -FR -assume byterecl -convert big_endian  adjust.cmaq.aod.f90  /nwprod/lib/libw3nco_d.a /nwprod/lib/libip_d.a /nwprod/lib/libsp_d.a /nwprod/lib/libbacio_8.a          
mv verf_g2g_adjust.cmaq.aod  ../../exec/
+ cd /nwpara/verf_g2g.v3.0.12.1.href/sorc/verf_g2g_adjust.nesdis.index.fd
+ pwd
/nwpara/verf_g2g.v3.0.12.1.href/sorc/verf_g2g_adjust.nesdis.index.fd
+ make clean
rm -f *.o
rm -f verf_g2g_adjust.nesdis.index 
+ make
rm -f *.o
rm -f verf_g2g_adjust.nesdis.index 
ifort -o verf_g2g_adjust.nesdis.index  -O -FR -assume byterecl -convert big_endian  -g -fpe0 -traceback adjust_nesdis_index.f90  /nwprod/lib/libw3nco_4.a /nwprod/lib/libip_4.a /nwprod/lib/libbacio_4.a          
mv verf_g2g_adjust.nesdis.index  ../../exec/
+ cd /nwpara/verf_g2g.v3.0.12.1.href/sorc/verf_g2g_reset.fd
+ pwd
/nwpara/verf_g2g.v3.0.12.1.href/sorc/verf_g2g_reset.fd
+ make clean
rm -f *.o re-set-time 
+ make
rm -f *.o re-set-time 
ifort -o re-set-time -O3 -g -convert big_endian -I /nwprod/lib/incmod/g2_4 re-set-time.f -L/nwprod/lib -lip_4 -lw3nco_4 -lw3emc_4  -lbacio_4 -lsp_4 -lg2_4 -ljasper -lpng -lz
/nwprod/lib/libjasper.a(jas_stream.o): In function `jas_stream_tmpfile':
/nwprod/lib/sorc/jasper-1.900.1/src/libjasper/base/jas_stream.c:368: warning: the use of `tmpnam' is dangerous, better use `mkstemp'
mv re-set-time  ../../exec/
+ echo 'All sorc codes are compiled'
All sorc codes are compiled
+ exit
