
Currently Loaded Modules:
  1) ips/18.0.1.163    6) zlib/1.2.11     11) ip/3.0.1     16) g2/3.1.0           21) gempak/7.3.1
  2) impi/18.0.1       7) libpng/1.2.59   12) sp/2.0.2     17) g2tmpl/1.5.0       22) ESMF/7_1_0r
  3) grib_util/1.1.0   8) xmlparse/2.0.0  13) sigio/2.0.1  18) landsfcutil/2.1.0  23) nemsio/2.2.3
  4) NetCDF/4.5.0      9) w3nco/2.0.6     14) sfcio/1.0.0  19) crtm/2.2.6         24) w3emc/2.3.0
  5) jasper/1.900.1   10) bacio/2.0.2     15) gfsio/1.1.0  20) bufr/11.3.0        25) v3.1.0

 

++ pwd
+ SORCverf_g2g=/gpfs/dell1/nco/ops/nwpara/verf_g2g.v3.1.0/sorc
+ export G2_INC4=/gpfs/dell1/nco/ops/nwprod/lib/g2/v3.1.0/ips/18.0.1/include/g2_v3.1.0_4
+ G2_INC4=/gpfs/dell1/nco/ops/nwprod/lib/g2/v3.1.0/ips/18.0.1/include/g2_v3.1.0_4
+ export G2_LIB4=/gpfs/dell1/nco/ops/nwprod/lib/g2/v3.1.0/ips/18.0.1/libg2_v3.1.0_4.a
+ G2_LIB4=/gpfs/dell1/nco/ops/nwprod/lib/g2/v3.1.0/ips/18.0.1/libg2_v3.1.0_4.a
+ cd /gpfs/dell1/nco/ops/nwpara/verf_g2g.v3.1.0/sorc/verf_g2g_grid2grid_grib2.fd
+ make all
ifort -convert big_endian -O3 -auto -I /gpfs/dell1/nco/ops/nwprod/lib/ip/v3.0.1/ips/18.0.1/include/ip_v3.0.1_4 -I /gpfs/dell1/nco/ops/nwprod/lib/g2/v3.1.0/ips/18.0.1/include/g2_v3.1.0_4     -c -o gtgdef.o gtgdef.f
ifort -convert big_endian -O3 -auto -I /gpfs/dell1/nco/ops/nwprod/lib/ip/v3.0.1/ips/18.0.1/include/ip_v3.0.1_4 -I /gpfs/dell1/nco/ops/nwprod/lib/g2/v3.1.0/ips/18.0.1/include/g2_v3.1.0_4     -c -o readcntl.o readcntl.f
ifort -convert big_endian -O3 -auto -I /gpfs/dell1/nco/ops/nwprod/lib/ip/v3.0.1/ips/18.0.1/include/ip_v3.0.1_4 -I /gpfs/dell1/nco/ops/nwprod/lib/g2/v3.1.0/ips/18.0.1/include/g2_v3.1.0_4     -c -o setarea.o setarea.f
ifort -convert big_endian -O3 -auto -I /gpfs/dell1/nco/ops/nwprod/lib/ip/v3.0.1/ips/18.0.1/include/ip_v3.0.1_4 -I /gpfs/dell1/nco/ops/nwprod/lib/g2/v3.1.0/ips/18.0.1/include/g2_v3.1.0_4     -c -o setfcst.o setfcst.f
ifort -convert big_endian -O3 -auto -I /gpfs/dell1/nco/ops/nwprod/lib/ip/v3.0.1/ips/18.0.1/include/ip_v3.0.1_4 -I /gpfs/dell1/nco/ops/nwprod/lib/g2/v3.1.0/ips/18.0.1/include/g2_v3.1.0_4     -c -o setlevel.o setlevel.f
ifort -convert big_endian -O3 -auto -I /gpfs/dell1/nco/ops/nwprod/lib/ip/v3.0.1/ips/18.0.1/include/ip_v3.0.1_4 -I /gpfs/dell1/nco/ops/nwprod/lib/g2/v3.1.0/ips/18.0.1/include/g2_v3.1.0_4     -c -o setmodel.o setmodel.f
ifort -convert big_endian -O3 -auto -I /gpfs/dell1/nco/ops/nwprod/lib/ip/v3.0.1/ips/18.0.1/include/ip_v3.0.1_4 -I /gpfs/dell1/nco/ops/nwprod/lib/g2/v3.1.0/ips/18.0.1/include/g2_v3.1.0_4     -c -o setobtyp.o setobtyp.f
ifort -convert big_endian -O3 -auto -I /gpfs/dell1/nco/ops/nwprod/lib/ip/v3.0.1/ips/18.0.1/include/ip_v3.0.1_4 -I /gpfs/dell1/nco/ops/nwprod/lib/g2/v3.1.0/ips/18.0.1/include/g2_v3.1.0_4     -c -o stclst.o stclst.f
ifort -convert big_endian -O3 -auto -I /gpfs/dell1/nco/ops/nwprod/lib/ip/v3.0.1/ips/18.0.1/include/ip_v3.0.1_4 -I /gpfs/dell1/nco/ops/nwprod/lib/g2/v3.1.0/ips/18.0.1/include/g2_v3.1.0_4     -c -o stldsp.o stldsp.f
ifort -convert big_endian -O3 -auto -I /gpfs/dell1/nco/ops/nwprod/lib/ip/v3.0.1/ips/18.0.1/include/ip_v3.0.1_4 -I /gpfs/dell1/nco/ops/nwprod/lib/g2/v3.1.0/ips/18.0.1/include/g2_v3.1.0_4     -c -o stlstr.o stlstr.f
ifort -convert big_endian -O3 -auto -I /gpfs/dell1/nco/ops/nwprod/lib/ip/v3.0.1/ips/18.0.1/include/ip_v3.0.1_4 -I /gpfs/dell1/nco/ops/nwprod/lib/g2/v3.1.0/ips/18.0.1/include/g2_v3.1.0_4     -c -o stnumb.o stnumb.f
ifort -convert big_endian -O3 -auto -I /gpfs/dell1/nco/ops/nwprod/lib/ip/v3.0.1/ips/18.0.1/include/ip_v3.0.1_4 -I /gpfs/dell1/nco/ops/nwprod/lib/g2/v3.1.0/ips/18.0.1/include/g2_v3.1.0_4     -c -o stread.o stread.f
ifort -convert big_endian -O3 -auto -I /gpfs/dell1/nco/ops/nwprod/lib/ip/v3.0.1/ips/18.0.1/include/ip_v3.0.1_4 -I /gpfs/dell1/nco/ops/nwprod/lib/g2/v3.1.0/ips/18.0.1/include/g2_v3.1.0_4     -c -o strmbl.o strmbl.f
ifort -convert big_endian -O3 -auto -I /gpfs/dell1/nco/ops/nwprod/lib/ip/v3.0.1/ips/18.0.1/include/ip_v3.0.1_4 -I /gpfs/dell1/nco/ops/nwprod/lib/g2/v3.1.0/ips/18.0.1/include/g2_v3.1.0_4     -c -o strxbl.o strxbl.f
ifort -convert big_endian -O3 -auto -I /gpfs/dell1/nco/ops/nwprod/lib/ip/v3.0.1/ips/18.0.1/include/ip_v3.0.1_4 -I /gpfs/dell1/nco/ops/nwprod/lib/g2/v3.1.0/ips/18.0.1/include/g2_v3.1.0_4     -c -o getregion.o getregion.f
ifort -convert big_endian -O3 -auto -I /gpfs/dell1/nco/ops/nwprod/lib/ip/v3.0.1/ips/18.0.1/include/ip_v3.0.1_4 -I /gpfs/dell1/nco/ops/nwprod/lib/g2/v3.1.0/ips/18.0.1/include/g2_v3.1.0_4     -c -o getnumber.o getnumber.f
ifort -convert big_endian -O3 -auto -I /gpfs/dell1/nco/ops/nwprod/lib/ip/v3.0.1/ips/18.0.1/include/ip_v3.0.1_4 -I /gpfs/dell1/nco/ops/nwprod/lib/g2/v3.1.0/ips/18.0.1/include/g2_v3.1.0_4     -c -o getGRIB2data.o getGRIB2data.f
ifort -convert big_endian -O3 -auto -I /gpfs/dell1/nco/ops/nwprod/lib/ip/v3.0.1/ips/18.0.1/include/ip_v3.0.1_4 -I /gpfs/dell1/nco/ops/nwprod/lib/g2/v3.1.0/ips/18.0.1/include/g2_v3.1.0_4     -c -o read_area.o read_area.f
ifort -convert big_endian -O3 -auto -I /gpfs/dell1/nco/ops/nwprod/lib/ip/v3.0.1/ips/18.0.1/include/ip_v3.0.1_4 -I /gpfs/dell1/nco/ops/nwprod/lib/g2/v3.1.0/ips/18.0.1/include/g2_v3.1.0_4     -c -o sl1l2.o sl1l2.f
ifort -convert big_endian -O3 -auto -I /gpfs/dell1/nco/ops/nwprod/lib/ip/v3.0.1/ips/18.0.1/include/ip_v3.0.1_4 -I /gpfs/dell1/nco/ops/nwprod/lib/g2/v3.1.0/ips/18.0.1/include/g2_v3.1.0_4     -c -o vl1l2.o vl1l2.f
ifort -convert big_endian -O3 -auto -I /gpfs/dell1/nco/ops/nwprod/lib/ip/v3.0.1/ips/18.0.1/include/ip_v3.0.1_4 -I /gpfs/dell1/nco/ops/nwprod/lib/g2/v3.1.0/ips/18.0.1/include/g2_v3.1.0_4     -c -o fho.o fho.f
ifort -convert big_endian -O3 -auto -I /gpfs/dell1/nco/ops/nwprod/lib/ip/v3.0.1/ips/18.0.1/include/ip_v3.0.1_4 -I /gpfs/dell1/nco/ops/nwprod/lib/g2/v3.1.0/ips/18.0.1/include/g2_v3.1.0_4     -c -o getfho.o getfho.f
ifort -convert big_endian -O3 -auto -I /gpfs/dell1/nco/ops/nwprod/lib/ip/v3.0.1/ips/18.0.1/include/ip_v3.0.1_4 -I /gpfs/dell1/nco/ops/nwprod/lib/g2/v3.1.0/ips/18.0.1/include/g2_v3.1.0_4     -c -o get_hasdata.o get_hasdata.f
ifort -convert big_endian -O3 -auto -I /gpfs/dell1/nco/ops/nwprod/lib/ip/v3.0.1/ips/18.0.1/include/ip_v3.0.1_4 -I /gpfs/dell1/nco/ops/nwprod/lib/g2/v3.1.0/ips/18.0.1/include/g2_v3.1.0_4     -c -o getHGTsfc.o getHGTsfc.f
ifort -convert big_endian -O3 -auto -I /gpfs/dell1/nco/ops/nwprod/lib/ip/v3.0.1/ips/18.0.1/include/ip_v3.0.1_4 -I /gpfs/dell1/nco/ops/nwprod/lib/g2/v3.1.0/ips/18.0.1/include/g2_v3.1.0_4     -c -o getTndGRIBdata.o getTndGRIBdata.f
ifort -convert big_endian -O3 -auto -I /gpfs/dell1/nco/ops/nwprod/lib/ip/v3.0.1/ips/18.0.1/include/ip_v3.0.1_4 -I /gpfs/dell1/nco/ops/nwprod/lib/g2/v3.1.0/ips/18.0.1/include/g2_v3.1.0_4     -c -o getMeanClimData.o getMeanClimData.f
ifort -convert big_endian -O3 -auto -I /gpfs/dell1/nco/ops/nwprod/lib/ip/v3.0.1/ips/18.0.1/include/ip_v3.0.1_4 -I /gpfs/dell1/nco/ops/nwprod/lib/g2/v3.1.0/ips/18.0.1/include/g2_v3.1.0_4     -c -o sal1l2.o sal1l2.f
ifort -convert big_endian -O3 -auto -I /gpfs/dell1/nco/ops/nwprod/lib/ip/v3.0.1/ips/18.0.1/include/ip_v3.0.1_4 -I /gpfs/dell1/nco/ops/nwprod/lib/g2/v3.1.0/ips/18.0.1/include/g2_v3.1.0_4     -c -o getAnomlyLevMrk.o getAnomlyLevMrk.f
ifort -convert big_endian -O3 -auto -I /gpfs/dell1/nco/ops/nwprod/lib/ip/v3.0.1/ips/18.0.1/include/ip_v3.0.1_4 -I /gpfs/dell1/nco/ops/nwprod/lib/g2/v3.1.0/ips/18.0.1/include/g2_v3.1.0_4     -c -o val1l2.o val1l2.f
ifort -convert big_endian -O3 -auto -I /gpfs/dell1/nco/ops/nwprod/lib/ip/v3.0.1/ips/18.0.1/include/ip_v3.0.1_4 -I /gpfs/dell1/nco/ops/nwprod/lib/g2/v3.1.0/ips/18.0.1/include/g2_v3.1.0_4     -c -o afho.o afho.f
ifort -convert big_endian -O3 -auto -I /gpfs/dell1/nco/ops/nwprod/lib/ip/v3.0.1/ips/18.0.1/include/ip_v3.0.1_4 -I /gpfs/dell1/nco/ops/nwprod/lib/g2/v3.1.0/ips/18.0.1/include/g2_v3.1.0_4     -c -o FITWAV_1D.o FITWAV_1D.f
ifort -convert big_endian -O3 -auto -I /gpfs/dell1/nco/ops/nwprod/lib/ip/v3.0.1/ips/18.0.1/include/ip_v3.0.1_4 -I /gpfs/dell1/nco/ops/nwprod/lib/g2/v3.1.0/ips/18.0.1/include/g2_v3.1.0_4     -c -o esl1l2.o esl1l2.f
ifort -convert big_endian -O3 -auto -I /gpfs/dell1/nco/ops/nwprod/lib/ip/v3.0.1/ips/18.0.1/include/ip_v3.0.1_4 -I /gpfs/dell1/nco/ops/nwprod/lib/g2/v3.1.0/ips/18.0.1/include/g2_v3.1.0_4     -c -o evl1l2.o evl1l2.f
ifort -convert big_endian -O3 -auto -I /gpfs/dell1/nco/ops/nwprod/lib/ip/v3.0.1/ips/18.0.1/include/ip_v3.0.1_4 -I /gpfs/dell1/nco/ops/nwprod/lib/g2/v3.1.0/ips/18.0.1/include/g2_v3.1.0_4     -c -o rhnt.o rhnt.f
ifort -convert big_endian -O3 -auto -I /gpfs/dell1/nco/ops/nwprod/lib/ip/v3.0.1/ips/18.0.1/include/ip_v3.0.1_4 -I /gpfs/dell1/nco/ops/nwprod/lib/g2/v3.1.0/ips/18.0.1/include/g2_v3.1.0_4     -c -o rhet.o rhet.f
ifort -convert big_endian -O3 -auto -I /gpfs/dell1/nco/ops/nwprod/lib/ip/v3.0.1/ips/18.0.1/include/ip_v3.0.1_4 -I /gpfs/dell1/nco/ops/nwprod/lib/g2/v3.1.0/ips/18.0.1/include/g2_v3.1.0_4     -c -o sl1l2_S1.o sl1l2_S1.f
ifort -convert big_endian -O3 -auto -I /gpfs/dell1/nco/ops/nwprod/lib/ip/v3.0.1/ips/18.0.1/include/ip_v3.0.1_4 -I /gpfs/dell1/nco/ops/nwprod/lib/g2/v3.1.0/ips/18.0.1/include/g2_v3.1.0_4     -c -o efho.o efho.f
ifort -convert big_endian -O3 -auto -I /gpfs/dell1/nco/ops/nwprod/lib/ip/v3.0.1/ips/18.0.1/include/ip_v3.0.1_4 -I /gpfs/dell1/nco/ops/nwprod/lib/g2/v3.1.0/ips/18.0.1/include/g2_v3.1.0_4     -c -o EFS.o EFS.f
ifort -convert big_endian -O3 -auto -I /gpfs/dell1/nco/ops/nwprod/lib/ip/v3.0.1/ips/18.0.1/include/ip_v3.0.1_4 -I /gpfs/dell1/nco/ops/nwprod/lib/g2/v3.1.0/ips/18.0.1/include/g2_v3.1.0_4     -c -o getHiresClimData.o getHiresClimData.f
ifort -convert big_endian -O3 -auto -I /gpfs/dell1/nco/ops/nwprod/lib/ip/v3.0.1/ips/18.0.1/include/ip_v3.0.1_4 -I /gpfs/dell1/nco/ops/nwprod/lib/g2/v3.1.0/ips/18.0.1/include/g2_v3.1.0_4     -c -o DIST.o DIST.f
ifort -convert big_endian -O3 -auto -I /gpfs/dell1/nco/ops/nwprod/lib/ip/v3.0.1/ips/18.0.1/include/ip_v3.0.1_4 -I /gpfs/dell1/nco/ops/nwprod/lib/g2/v3.1.0/ips/18.0.1/include/g2_v3.1.0_4     -c -o PROB.o PROB.f
ifort -convert big_endian -O3 -auto -I /gpfs/dell1/nco/ops/nwprod/lib/ip/v3.0.1/ips/18.0.1/include/ip_v3.0.1_4 -I /gpfs/dell1/nco/ops/nwprod/lib/g2/v3.1.0/ips/18.0.1/include/g2_v3.1.0_4     -c -o naefs.o naefs.f
ifort -convert big_endian -O3 -auto -I /gpfs/dell1/nco/ops/nwprod/lib/ip/v3.0.1/ips/18.0.1/include/ip_v3.0.1_4 -I /gpfs/dell1/nco/ops/nwprod/lib/g2/v3.1.0/ips/18.0.1/include/g2_v3.1.0_4     -c -o fho_fss.o fho_fss.f
ifort -convert big_endian -O3 -auto -I /gpfs/dell1/nco/ops/nwprod/lib/ip/v3.0.1/ips/18.0.1/include/ip_v3.0.1_4 -I /gpfs/dell1/nco/ops/nwprod/lib/g2/v3.1.0/ips/18.0.1/include/g2_v3.1.0_4     -c -o FSS.o FSS.f
ifort -convert big_endian -O3 -auto -I /gpfs/dell1/nco/ops/nwprod/lib/ip/v3.0.1/ips/18.0.1/include/ip_v3.0.1_4 -I /gpfs/dell1/nco/ops/nwprod/lib/g2/v3.1.0/ips/18.0.1/include/g2_v3.1.0_4     -c -o readGRIB2.o readGRIB2.f
ifort -convert big_endian -O3 -auto -I /gpfs/dell1/nco/ops/nwprod/lib/ip/v3.0.1/ips/18.0.1/include/ip_v3.0.1_4 -I /gpfs/dell1/nco/ops/nwprod/lib/g2/v3.1.0/ips/18.0.1/include/g2_v3.1.0_4     -c -o getClimData_2.5deg.o getClimData_2.5deg.f
ifort -convert big_endian -O3 -auto -I /gpfs/dell1/nco/ops/nwprod/lib/ip/v3.0.1/ips/18.0.1/include/ip_v3.0.1_4 -I /gpfs/dell1/nco/ops/nwprod/lib/g2/v3.1.0/ips/18.0.1/include/g2_v3.1.0_4     -c -o getNAEFSanalysis.o getNAEFSanalysis.f
ifort -convert big_endian -O3 -auto -I /gpfs/dell1/nco/ops/nwprod/lib/ip/v3.0.1/ips/18.0.1/include/ip_v3.0.1_4 -I /gpfs/dell1/nco/ops/nwprod/lib/g2/v3.1.0/ips/18.0.1/include/g2_v3.1.0_4     -c -o fhop.o fhop.f
ifort -convert big_endian -O3 -auto -I /gpfs/dell1/nco/ops/nwprod/lib/ip/v3.0.1/ips/18.0.1/include/ip_v3.0.1_4 -I /gpfs/dell1/nco/ops/nwprod/lib/g2/v3.1.0/ips/18.0.1/include/g2_v3.1.0_4     -c -o readProbGRIB2.o readProbGRIB2.f
ifort -convert big_endian -O3 -auto -I /gpfs/dell1/nco/ops/nwprod/lib/ip/v3.0.1/ips/18.0.1/include/ip_v3.0.1_4 -I /gpfs/dell1/nco/ops/nwprod/lib/g2/v3.1.0/ips/18.0.1/include/g2_v3.1.0_4     -c -o DIST_special.o DIST_special.f
ifort -convert big_endian -O3 -auto -I /gpfs/dell1/nco/ops/nwprod/lib/ip/v3.0.1/ips/18.0.1/include/ip_v3.0.1_4 -I /gpfs/dell1/nco/ops/nwprod/lib/g2/v3.1.0/ips/18.0.1/include/g2_v3.1.0_4    -o verf_g2g_grid2grid_grib2 grid2grid.f gtgdef.o readcntl.o setarea.o setfcst.o setlevel.o setmodel.o setobtyp.o stclst.o stldsp.o stlstr.o stnumb.o stread.o strmbl.o strxbl.o getregion.o getnumber.o getGRIB2data.o read_area.o sl1l2.o vl1l2.o fho.o getfho.o get_hasdata.o getHGTsfc.o getTndGRIBdata.o getMeanClimData.o sal1l2.o getAnomlyLevMrk.o val1l2.o afho.o FITWAV_1D.o esl1l2.o evl1l2.o rhnt.o rhet.o sl1l2_S1.o efho.o EFS.o getHiresClimData.o DIST.o PROB.o naefs.o fho_fss.o FSS.o readGRIB2.o getClimData_2.5deg.o getNAEFSanalysis.o fhop.o readProbGRIB2.o DIST_special.o /gpfs/dell1/nco/ops/nwprod/lib/ip/v3.0.1/ips/18.0.1/libip_v3.0.1_4.a /gpfs/dell1/nco/ops/nwprod/lib/w3nco/v2.0.6/ips/18.0.1/libw3nco_v2.0.6_4.a /gpfs/dell1/nco/ops/nwprod/lib/w3emc/v2.3.0/ips/18.0.1/impi/18.0.1/libw3emc_v2.3.0_4.a /gpfs/dell1/nco/ops/nwprod/lib/bacio/v2.0.2/ips/18.0.1/libbacio_v2.0.2_4.a /gpfs/dell1/nco/ops/nwprod/lib/sp/v2.0.2/ips/18.0.1/libsp_v2.0.2_4.a /gpfs/dell1/nco/ops/nwprod/lib/g2/v3.1.0/ips/18.0.1/libg2_v3.1.0_4.a /usrx/local/prod/packages/gnu/4.8.5/jasper/1.900.1/lib/libjasper.a /usrx/local/prod/packages/gnu/4.8.5/libpng/1.2.59/lib/libpng.a /usrx/local/prod/packages/ips/18.0.1/zlib/1.2.11/lib/libz.a 
/usrx/local/prod/packages/gnu/4.8.5/jasper/1.900.1/lib/libjasper.a(jas_stream.o): In function `jas_stream_tmpfile':
/usrx/local/prod/packages/gnu/4.8.5/jasper/1.900.1/src/jasper-1.900.1/src/libjasper/base/jas_stream.c:368: warning: the use of `tmpnam' is dangerous, better use `mkstemp'
mv verf_g2g_grid2grid_grib2 ../../exec/
rm -f gtgdef.o readcntl.o setarea.o setfcst.o setlevel.o setmodel.o setobtyp.o stclst.o stldsp.o stlstr.o stnumb.o stread.o strmbl.o strxbl.o getregion.o getnumber.o getGRIB2data.o read_area.o sl1l2.o vl1l2.o fho.o getfho.o get_hasdata.o getHGTsfc.o getTndGRIBdata.o getMeanClimData.o sal1l2.o getAnomlyLevMrk.o val1l2.o afho.o FITWAV_1D.o esl1l2.o evl1l2.o rhnt.o rhet.o sl1l2_S1.o efho.o EFS.o getHiresClimData.o DIST.o PROB.o naefs.o fho_fss.o FSS.o readGRIB2.o getClimData_2.5deg.o getNAEFSanalysis.o fhop.o readProbGRIB2.o DIST_special.o verf_g2g_grid2grid_grib2
+ cd /gpfs/dell1/nco/ops/nwpara/verf_g2g.v3.1.0/sorc/verf_g2g_ceiling_adjust.fd
+ make all
ifort -convert big_endian -o verf_g2g_ceiling_adjust -O3 -auto -I /gpfs/dell1/nco/ops/nwprod/lib/g2/v3.1.0/ips/18.0.1/include/g2_v3.1.0_4 ceiling_adjust.f /gpfs/dell1/nco/ops/nwprod/lib/ip/v3.0.1/ips/18.0.1/libip_v3.0.1_4.a /gpfs/dell1/nco/ops/nwprod/lib/w3nco/v2.0.6/ips/18.0.1/libw3nco_v2.0.6_4.a /gpfs/dell1/nco/ops/nwprod/lib/w3emc/v2.3.0/ips/18.0.1/impi/18.0.1/libw3emc_v2.3.0_4.a /gpfs/dell1/nco/ops/nwprod/lib/bacio/v2.0.2/ips/18.0.1/libbacio_v2.0.2_4.a  /gpfs/dell1/nco/ops/nwprod/lib/sp/v2.0.2/ips/18.0.1/libsp_v2.0.2_4.a /gpfs/dell1/nco/ops/nwprod/lib/g2/v3.1.0/ips/18.0.1/libg2_v3.1.0_4.a /usrx/local/prod/packages/gnu/4.8.5/jasper/1.900.1/lib/libjasper.a /usrx/local/prod/packages/gnu/4.8.5/libpng/1.2.59/lib/libpng.a /usrx/local/prod/packages/ips/18.0.1/zlib/1.2.11/lib/libz.a
/usrx/local/prod/packages/gnu/4.8.5/jasper/1.900.1/lib/libjasper.a(jas_stream.o): In function `jas_stream_tmpfile':
/usrx/local/prod/packages/gnu/4.8.5/jasper/1.900.1/src/jasper-1.900.1/src/libjasper/base/jas_stream.c:368: warning: the use of `tmpnam' is dangerous, better use `mkstemp'
mv verf_g2g_ceiling_adjust ../../exec/
rm -f *.o verf_g2g_ceiling_adjust
+ cd /gpfs/dell1/nco/ops/nwpara/verf_g2g.v3.1.0/sorc/verf_g2g_convert.fd
+ make all
ifort -convert big_endian -O3 -auto -I /gpfs/dell1/nco/ops/nwprod/lib/g2/v3.1.0/ips/18.0.1/include/g2_v3.1.0_4  -o verf_g2g_convert  convert.f /gpfs/dell1/nco/ops/nwprod/lib/ip/v3.0.1/ips/18.0.1/libip_v3.0.1_4.a /gpfs/dell1/nco/ops/nwprod/lib/w3nco/v2.0.6/ips/18.0.1/libw3nco_v2.0.6_4.a /gpfs/dell1/nco/ops/nwprod/lib/w3emc/v2.3.0/ips/18.0.1/impi/18.0.1/libw3emc_v2.3.0_4.a /gpfs/dell1/nco/ops/nwprod/lib/bacio/v2.0.2/ips/18.0.1/libbacio_v2.0.2_4.a  /gpfs/dell1/nco/ops/nwprod/lib/sp/v2.0.2/ips/18.0.1/libsp_v2.0.2_4.a /gpfs/dell1/nco/ops/nwprod/lib/g2/v3.1.0/ips/18.0.1/libg2_v3.1.0_4.a /usrx/local/prod/packages/gnu/4.8.5/jasper/1.900.1/lib/libjasper.a /usrx/local/prod/packages/gnu/4.8.5/libpng/1.2.59/lib/libpng.a /usrx/local/prod/packages/ips/18.0.1/zlib/1.2.11/lib/libz.a 
/usrx/local/prod/packages/gnu/4.8.5/jasper/1.900.1/lib/libjasper.a(jas_stream.o): In function `jas_stream_tmpfile':
/usrx/local/prod/packages/gnu/4.8.5/jasper/1.900.1/src/jasper-1.900.1/src/libjasper/base/jas_stream.c:368: warning: the use of `tmpnam' is dangerous, better use `mkstemp'
mv verf_g2g_convert ../../exec/
rm -f *.o verf_g2g_convert
+ cd /gpfs/dell1/nco/ops/nwpara/verf_g2g.v3.1.0/sorc/verf_g2g_adjust.cmaq.aod.fd
+ make all
ifort -convert big_endian -o verf_g2g_adjust.cmaq.aod -O3 -auto -I /gpfs/dell1/nco/ops/nwprod/lib/g2/v3.1.0/ips/18.0.1/include/g2_v3.1.0_4 adjust.cmaq.aod.f90  /gpfs/dell1/nco/ops/nwprod/lib/ip/v3.0.1/ips/18.0.1/libip_v3.0.1_4.a /gpfs/dell1/nco/ops/nwprod/lib/w3nco/v2.0.6/ips/18.0.1/libw3nco_v2.0.6_4.a /gpfs/dell1/nco/ops/nwprod/lib/w3emc/v2.3.0/ips/18.0.1/impi/18.0.1/libw3emc_v2.3.0_4.a /gpfs/dell1/nco/ops/nwprod/lib/bacio/v2.0.2/ips/18.0.1/libbacio_v2.0.2_4.a  /gpfs/dell1/nco/ops/nwprod/lib/sp/v2.0.2/ips/18.0.1/libsp_v2.0.2_4.a /gpfs/dell1/nco/ops/nwprod/lib/g2/v3.1.0/ips/18.0.1/libg2_v3.1.0_4.a /usrx/local/prod/packages/gnu/4.8.5/jasper/1.900.1/lib/libjasper.a /usrx/local/prod/packages/gnu/4.8.5/libpng/1.2.59/lib/libpng.a /usrx/local/prod/packages/ips/18.0.1/zlib/1.2.11/lib/libz.a         
mv verf_g2g_adjust.cmaq.aod  ../../exec/
rm -f *.o
rm -f verf_g2g_adjust.cmaq.aod 
+ cd /gpfs/dell1/nco/ops/nwpara/verf_g2g.v3.1.0/sorc/verf_g2g_adjust.nesdis.index.fd
+ make all
ifort -convert big_endian -o verf_g2g_adjust.nesdis.index -O3 -auto -I /gpfs/dell1/nco/ops/nwprod/lib/g2/v3.1.0/ips/18.0.1/include/g2_v3.1.0_4 adjust_nesdis_index.f90  /gpfs/dell1/nco/ops/nwprod/lib/ip/v3.0.1/ips/18.0.1/libip_v3.0.1_4.a /gpfs/dell1/nco/ops/nwprod/lib/w3nco/v2.0.6/ips/18.0.1/libw3nco_v2.0.6_4.a /gpfs/dell1/nco/ops/nwprod/lib/w3emc/v2.3.0/ips/18.0.1/impi/18.0.1/libw3emc_v2.3.0_4.a /gpfs/dell1/nco/ops/nwprod/lib/bacio/v2.0.2/ips/18.0.1/libbacio_v2.0.2_4.a  /gpfs/dell1/nco/ops/nwprod/lib/sp/v2.0.2/ips/18.0.1/libsp_v2.0.2_4.a /gpfs/dell1/nco/ops/nwprod/lib/g2/v3.1.0/ips/18.0.1/libg2_v3.1.0_4.a /usrx/local/prod/packages/gnu/4.8.5/jasper/1.900.1/lib/libjasper.a /usrx/local/prod/packages/gnu/4.8.5/libpng/1.2.59/lib/libpng.a /usrx/local/prod/packages/ips/18.0.1/zlib/1.2.11/lib/libz.a         
mv verf_g2g_adjust.nesdis.index  ../../exec/
rm -f *.o
rm -f verf_g2g_adjust.nesdis.index 
+ cd /gpfs/dell1/nco/ops/nwpara/verf_g2g.v3.1.0/sorc/verf_g2g_reset.fd
+ make clean
rm -f *.o re-set-time 
+ make
ifort -convert big_endian -o re-set-time -O3 -auto -I /gpfs/dell1/nco/ops/nwprod/lib/g2/v3.1.0/ips/18.0.1/include/g2_v3.1.0_4 re-set-time.f /gpfs/dell1/nco/ops/nwprod/lib/ip/v3.0.1/ips/18.0.1/libip_v3.0.1_4.a /gpfs/dell1/nco/ops/nwprod/lib/w3nco/v2.0.6/ips/18.0.1/libw3nco_v2.0.6_4.a /gpfs/dell1/nco/ops/nwprod/lib/w3emc/v2.3.0/ips/18.0.1/impi/18.0.1/libw3emc_v2.3.0_4.a /gpfs/dell1/nco/ops/nwprod/lib/bacio/v2.0.2/ips/18.0.1/libbacio_v2.0.2_4.a  /gpfs/dell1/nco/ops/nwprod/lib/sp/v2.0.2/ips/18.0.1/libsp_v2.0.2_4.a /gpfs/dell1/nco/ops/nwprod/lib/g2/v3.1.0/ips/18.0.1/libg2_v3.1.0_4.a /usrx/local/prod/packages/gnu/4.8.5/jasper/1.900.1/lib/libjasper.a /usrx/local/prod/packages/gnu/4.8.5/libpng/1.2.59/lib/libpng.a /usrx/local/prod/packages/ips/18.0.1/zlib/1.2.11/lib/libz.a
/usrx/local/prod/packages/gnu/4.8.5/jasper/1.900.1/lib/libjasper.a(jas_stream.o): In function `jas_stream_tmpfile':
/usrx/local/prod/packages/gnu/4.8.5/jasper/1.900.1/src/jasper-1.900.1/src/libjasper/base/jas_stream.c:368: warning: the use of `tmpnam' is dangerous, better use `mkstemp'
mv re-set-time  ../../exec/
rm -f *.o re-set-time 
+ echo 'All sorc codes are compiled'
All sorc codes are compiled
+ exit
